C51 COMPILER V8.02   CLOCK                                                                 08/12/2013 17:29:56 PAGE 1   


C51 COMPILER V8.02, COMPILATION OF MODULE CLOCK
OBJECT MODULE PLACED IN clock.OBJ
COMPILER INVOKED BY: C:\Keil\C51\BIN\C51.EXE clock.c BROWSE DEBUG OBJECTEXTEND

line level    source

   1          #include<reg51.h>
   2          
   3          sbit disp1 = P3^7;
   4          sbit disp2 = P3^6;
   5          sbit disp3 = P3^5;
   6          sbit disp4 = P3^4;
   7          
   8          
   9          void delay(unsigned int time)
  10          {
  11   1              unsigned int i, j;
  12   1              for(i=0;i<30;i++)
  13   1                      for(j=0;j<=time;j++)
  14   1                      {}
  15   1      }
  16          
  17          void selectDisplay(unsigned int i)
  18          {
  19   1              if(i==1)
  20   1              {
  21   2                      disp1 = 0;
  22   2                      disp2 = 1;
  23   2                      disp3 = 1;
  24   2                      disp4 = 1;
  25   2              }
  26   1              else if(i==2)
  27   1              {
  28   2                      disp1 = 1;
  29   2                      disp2 = 0;
  30   2                      disp3 = 1;
  31   2                      disp4 = 1;
  32   2              }
  33   1              else if(i==3)
  34   1              {
  35   2                      disp1 = 1;
  36   2                      disp2 = 1;
  37   2                      disp3 = 0;
  38   2                      disp4 = 1;
  39   2              }
  40   1              else
  41   1              {
  42   2                      disp1 = 1;
  43   2                      disp2 = 1;
  44   2                      disp3 = 1;
  45   2                      disp4 = 0;
  46   2              }
  47   1      }
  48          
  49          
  50          
  51          void main()
  52          {
  53   1              
  54   1              unsigned int counter[] = {0x88,0xEB,0x4C,0x49,0x2B,0x19,0x18,0x8B,0x08,0x0B};
  55   1      
C51 COMPILER V8.02   CLOCK                                                                 08/12/2013 17:29:56 PAGE 2   

  56   1              unsigned int count = 0, c;
  57   1              unsigned int d1, d2, d3, d4, i;
  58   1              
  59   1              while(1)
  60   1              {
  61   2                      d4 = count%10;
  62   2                      c = count/10;
  63   2                      d3 = c%6;
  64   2                      c = c/6;
  65   2                      d2 = c%10;
  66   2                      d1 = c/10;
  67   2                      for(i=0;i<9;i++)
  68   2                      {
  69   3                              selectDisplay(4);
  70   3                              P2 = counter[d4];
  71   3                              delay(5);
  72   3      
  73   3                              selectDisplay(3);
  74   3                              P2 = counter[d3];
  75   3                              delay(5);
  76   3      
  77   3                              selectDisplay(2);
  78   3                              P2=counter[d2];
  79   3                              delay(5);
  80   3      
  81   3                              selectDisplay(1);
  82   3                              P2=counter[d1];
  83   3                              delay(5);
  84   3      
  85   3                      }
  86   2                      if(count!=9959)
  87   2                              count++;
  88   2                      else
  89   2                              count=0;
  90   2              }
  91   1      }


MODULE INFORMATION:   STATIC OVERLAYABLE
   CODE SIZE        =    296    ----
   CONSTANT SIZE    =     20    ----
   XDATA SIZE       =   ----    ----
   PDATA SIZE       =   ----    ----
   DATA SIZE        =   ----      30
   IDATA SIZE       =   ----    ----
   BIT SIZE         =   ----    ----
END OF MODULE INFORMATION.


C51 COMPILATION COMPLETE.  0 WARNING(S),  0 ERROR(S)
