C51 COMPILER V8.02   STEPPER1                                                              07/31/2013 16:51:29 PAGE 1   


C51 COMPILER V8.02, COMPILATION OF MODULE STEPPER1
OBJECT MODULE PLACED IN stepper1.OBJ
COMPILER INVOKED BY: C:\Keil\C51\BIN\C51.EXE stepper1.c BROWSE DEBUG OBJECTEXTEND

line level    source

   1          #include<reg51.h>
   2          void delay();
   3          void main()
   4          {
   5   1      P0=~0x01;
   6   1      delay();
   7   1      P0=~0x02;
   8   1      delay();
   9   1      
  10   1      }
  11          void delay()
  12          {
  13   1      int i;
  14   1      for(i=0;i<10000;i++);
  15   1      }


MODULE INFORMATION:   STATIC OVERLAYABLE
   CODE SIZE        =     27    ----
   CONSTANT SIZE    =   ----    ----
   XDATA SIZE       =   ----    ----
   PDATA SIZE       =   ----    ----
   DATA SIZE        =   ----    ----
   IDATA SIZE       =   ----    ----
   BIT SIZE         =   ----    ----
END OF MODULE INFORMATION.


C51 COMPILATION COMPLETE.  0 WARNING(S),  0 ERROR(S)
