C51 COMPILER V8.02   7SEGMENT2                                                             08/05/2013 17:10:31 PAGE 1   


C51 COMPILER V8.02, COMPILATION OF MODULE 7SEGMENT2
OBJECT MODULE PLACED IN 7segment2.OBJ
COMPILER INVOKED BY: C:\Keil\C51\BIN\C51.EXE 7segment2.c BROWSE DEBUG OBJECTEXTEND

line level    source

   1          #include<reg51.h>
   2          sbit a=P3^7;
   3          sbit b=P3^6;
   4          sbit c=P3^5;
   5          sbit d=P3^4;
   6          void delay(int );
   7          void selectDisplay(unsigned int i)
   8          {
   9   1              if(i==1)
  10   1              {
  11   2                      a = 0;
  12   2                      b = 1;
  13   2                      c = 1;
  14   2                      d = 1;
  15   2              }
  16   1              else if(i==2)
  17   1              {
  18   2                      a = 1;
  19   2                      b = 0;
  20   2                      c = 1;
  21   2                      d = 1;
  22   2              }
  23   1              else if(i==3)
  24   1              {
  25   2                      a = 1;
  26   2                      b = 1;
  27   2                      c = 0;
  28   2                      d = 1;
  29   2              }
  30   1              else
  31   1              {
  32   2                      a = 1;
  33   2                      b = 1;
  34   2                      c = 1;
  35   2                      d = 0;
  36   2              }
  37   1      }
  38          void main()
  39          {
  40   1      int z,w,e,r;
  41   1      unsigned int q[]={0x88,0xEB,0x4C,0x49,0x2B,0x19,0x18,0x8B,0x08,0x0B,0xEB};
  42   1      for(;;)
  43   1      {
  44   2      selectDisplay(1);
  45   2      P2=q[0];
  46   2      delay(5);
  47   2      
  48   2      selectDisplay(2);
  49   2      P2=q[0];
  50   2      delay(5);
  51   2      
  52   2      selectDisplay(3);
  53   2      P2=q[0];
  54   2      delay(5);
  55   2      
C51 COMPILER V8.02   7SEGMENT2                                                             08/05/2013 17:10:31 PAGE 2   

  56   2      selectDisplay(4);
  57   2      P2=q[0];
  58   2      delay(5);
  59   2      
  60   2      for(z=0;z<9;z++)
  61   2      {
  62   3      selectDisplay(1);
  63   3      P2=q[z];
  64   3      delay(5);
  65   3      
  66   3      selectDisplay(2);
  67   3      P2=q[0];
  68   3      delay(5);
  69   3      
  70   3      selectDisplay(3);
  71   3      P2=q[0];
  72   3      delay(5);
  73   3      
  74   3      selectDisplay(4);
  75   3      P2=q[0];
  76   3      delay(5);
  77   3      }
  78   2      for(w=0;w<9;w++)
  79   2      {
  80   3      selectDisplay(1);
  81   3      P2=q[z];
  82   3      delay();
*** WARNING C209 IN LINE 82 OF 7SEGMENT2.C: '_delay': too few actual parameters
  83   3      selectDisplay(2);
  84   3      P2=q[w];
  85   3      delay(5);
  86   3      selectDisplay(3);
  87   3      P2=q[0];
  88   3      delay(5);
  89   3      
  90   3      selectDisplay(4);
  91   3      P2=q[0];
  92   3      delay(5);
  93   3      }
  94   2      for(e=0;e<9;e++)
  95   2      {
  96   3      selectDisplay(1);
  97   3      P2=q[z];
  98   3      delay(5);
  99   3      
 100   3      selectDisplay(2);
 101   3      P2=q[w];
 102   3      delay(5);
 103   3      
 104   3      selectDisplay(3);
 105   3      P2=q[e];
 106   3      delay(5);
 107   3      
 108   3      selectDisplay(4);
 109   3      P2=q[0];
 110   3      delay(5);
 111   3      }
 112   2      for(r=0;r<9;r++)
 113   2      {
 114   3      selectDisplay(1);
 115   3      P2=q[z];
 116   3      delay(5);
C51 COMPILER V8.02   7SEGMENT2                                                             08/05/2013 17:10:31 PAGE 3   

 117   3      
 118   3      selectDisplay(2);
 119   3      P2=q[w];
 120   3      delay(5);
 121   3      
 122   3      selectDisplay(3);
 123   3      P2=q[e];
 124   3      delay(5);
 125   3      selectDisplay(4);
 126   3      P2=q[r];
 127   3      delay(5);
 128   3      }
 129   2      } 
 130   1      }
 131          void delay(int t)
 132           
 133           {
 134   1       int i,k;
 135   1       for(i=0;i<t;i++)
 136   1       {
 137   2       for(k=0;k<3000;k++);
 138   2       }
 139   1       }
 140           


MODULE INFORMATION:   STATIC OVERLAYABLE
   CODE SIZE        =    473    ----
   CONSTANT SIZE    =     22    ----
   XDATA SIZE       =   ----    ----
   PDATA SIZE       =   ----    ----
   DATA SIZE        =   ----      30
   IDATA SIZE       =   ----    ----
   BIT SIZE         =   ----    ----
END OF MODULE INFORMATION.


C51 COMPILATION COMPLETE.  1 WARNING(S),  0 ERROR(S)
